{"total": {"lines":{"total":393,"covered":366,"skipped":0,"pct":93.12},"statements":{"total":393,"covered":366,"skipped":0,"pct":93.12},"functions":{"total":24,"covered":24,"skipped":0,"pct":100},"branches":{"total":91,"covered":58,"skipped":0,"pct":63.73},"branchesTrue":{"total":0,"covered":0,"skipped":0,"pct":"Unknown"}}
,"C:\\Users\\pj\\.ralph\\sessions\\ralph-skill-20260225-111231\\worktree\\ralph\\cli\\src\\commands\\project.ts": {"lines":{"total":393,"covered":366,"skipped":0,"pct":93.12},"functions":{"total":24,"covered":24,"skipped":0,"pct":100},"statements":{"total":393,"covered":366,"skipped":0,"pct":93.12},"branches":{"total":91,"covered":58,"skipped":0,"pct":63.73}}
}
